<?xml version="1.0" encoding="UTF-8"?>
<testng-results ignored="0" total="1" passed="1" failed="0" skipped="0">
  <reporter-output>
    <line>
      <![CDATA[report generation]]>
    </line>
    <line>
      <![CDATA[startexecution]]>
    </line>
    <line>
      <![CDATA[end of excecution]]>
    </line>
    <line>
      <![CDATA[report close]]>
    </line>
  </reporter-output>
  <suite started-at="2024-07-17T08:55:57 IST" name="Default suite" finished-at="2024-07-17T08:56:48 IST" duration-ms="50965">
    <groups>
      <group name="organisation">
        <method signature="script2.scrippt2()[pri:0, instance:testngg.script2@61322f9d]" name="scrippt2" class="testngg.script2"/>
      </group> <!-- organisation -->
    </groups>
    <test started-at="2024-07-17T08:55:57 IST" name="Default test" finished-at="2024-07-17T08:56:48 IST" duration-ms="50965">
      <class name="testngg.script2">
        <test-method is-config="true" signature="beforesuit()[pri:0, instance:testngg.script2@61322f9d]" started-at="2024-07-17T08:55:57 IST" name="beforesuit" finished-at="2024-07-17T08:55:57 IST" duration-ms="340" status="PASS">
          <reporter-output>
            <line>
              <![CDATA[report generation]]>
            </line>
          </reporter-output>
        </test-method> <!-- beforesuit -->
        <test-method is-config="true" signature="beforeclass(java.lang.String)[pri:0, instance:testngg.script2@61322f9d]" started-at="2024-07-17T08:55:57 IST" name="beforeclass" finished-at="2024-07-17T08:56:02 IST" duration-ms="4646" status="PASS">
          <params>
            <param index="0">
              <value>
                <![CDATA[chrome]]>
              </value>
            </param>
          </params>
          <reporter-output>
          </reporter-output>
        </test-method> <!-- beforeclass -->
        <test-method is-config="true" signature="beforemethod(java.lang.reflect.Method)[pri:0, instance:testngg.script2@61322f9d]" started-at="2024-07-17T08:56:02 IST" name="beforemethod" finished-at="2024-07-17T08:56:05 IST" duration-ms="2893" status="PASS">
          <params>
            <param index="0">
              <value>
                <![CDATA[public void testngg.script2.scrippt2() throws org.apache.poi.EncryptedDocumentException,java.io.IOException,java.lang.InterruptedException]]>
              </value>
            </param>
          </params>
          <reporter-output>
          </reporter-output>
        </test-method> <!-- beforemethod -->
        <test-method signature="scrippt2()[pri:0, instance:testngg.script2@61322f9d]" started-at="2024-07-17T08:56:05 IST" name="scrippt2" finished-at="2024-07-17T08:56:35 IST" duration-ms="30443" status="PASS">
          <reporter-output>
            <line>
              <![CDATA[startexecution]]>
            </line>
            <line>
              <![CDATA[end of excecution]]>
            </line>
          </reporter-output>
        </test-method> <!-- scrippt2 -->
        <test-method is-config="true" signature="aftermethod()[pri:0, instance:testngg.script2@61322f9d]" started-at="2024-07-17T08:56:35 IST" name="aftermethod" finished-at="2024-07-17T08:56:48 IST" duration-ms="12812" status="PASS">
          <reporter-output>
          </reporter-output>
        </test-method> <!-- aftermethod -->
        <test-method is-config="true" signature="afterclass()[pri:0, instance:testngg.script2@61322f9d]" started-at="2024-07-17T08:56:48 IST" name="afterclass" finished-at="2024-07-17T08:56:48 IST" duration-ms="123" status="PASS">
          <reporter-output>
          </reporter-output>
        </test-method> <!-- afterclass -->
        <test-method is-config="true" signature="aftersuite()[pri:0, instance:testngg.script2@61322f9d]" started-at="2024-07-17T08:56:48 IST" name="aftersuite" finished-at="2024-07-17T08:56:49 IST" duration-ms="745" status="PASS">
          <reporter-output>
            <line>
              <![CDATA[report close]]>
            </line>
          </reporter-output>
        </test-method> <!-- aftersuite -->
      </class> <!-- testngg.script2 -->
    </test> <!-- Default test -->
  </suite> <!-- Default suite -->
</testng-results>
