<?xml version="1.0" encoding="UTF-8"?>
<!-- Generated by org.testng.reporters.JUnitXMLReporter -->
<testsuite ignored="12" hostname="DESKTOP-L979O4C" failures="0" tests="7" name="Testrun2" time="112.326" errors="0" timestamp="2024-07-12T08:55:21 IST">
  <testcase classname="testngg.script4" name="scrippt4" time="12.004"/>
  <testcase classname="testngg.script3" name="scrippt3" time="12.312"/>
  <testcase classname="testngg.script6" name="scrippt6" time="6.581"/>
  <testcase classname="testngg.script5" name="scrippt5" time="9.888"/>
  <testcase classname="testngg.script7" name="scrippt7" time="10.197"/>
  <testcase classname="testngg.script" name="script1" time="8.74"/>
  <testcase classname="testngg.script2" name="scrippt2" time="12.212"/>
  <testcase classname="advm16.BaseClass" name="@BeforeSuite beforesuit" time="0.0">
    <ignored/>
  </testcase> <!-- @BeforeSuite beforesuit -->
  <testcase classname="advm16.BaseClass" name="@AfterSuite aftersuite" time="0.0">
    <ignored/>
  </testcase> <!-- @AfterSuite aftersuite -->
  <testcase classname="advm16.BaseClass" name="@BeforeSuite beforesuit" time="0.0">
    <ignored/>
  </testcase> <!-- @BeforeSuite beforesuit -->
  <testcase classname="advm16.BaseClass" name="@BeforeSuite beforesuit" time="0.0">
    <ignored/>
  </testcase> <!-- @BeforeSuite beforesuit -->
  <testcase classname="advm16.BaseClass" name="@AfterSuite aftersuite" time="0.0">
    <ignored/>
  </testcase> <!-- @AfterSuite aftersuite -->
  <testcase classname="advm16.BaseClass" name="@BeforeSuite beforesuit" time="0.0">
    <ignored/>
  </testcase> <!-- @BeforeSuite beforesuit -->
  <testcase classname="advm16.BaseClass" name="@BeforeSuite beforesuit" time="0.0">
    <ignored/>
  </testcase> <!-- @BeforeSuite beforesuit -->
  <testcase classname="advm16.BaseClass" name="@AfterSuite aftersuite" time="0.0">
    <ignored/>
  </testcase> <!-- @AfterSuite aftersuite -->
  <testcase classname="advm16.BaseClass" name="@AfterSuite aftersuite" time="0.0">
    <ignored/>
  </testcase> <!-- @AfterSuite aftersuite -->
  <testcase classname="advm16.BaseClass" name="@BeforeSuite beforesuit" time="0.0">
    <ignored/>
  </testcase> <!-- @BeforeSuite beforesuit -->
  <testcase classname="advm16.BaseClass" name="@AfterSuite aftersuite" time="0.0">
    <ignored/>
  </testcase> <!-- @AfterSuite aftersuite -->
  <testcase classname="advm16.BaseClass" name="@AfterSuite aftersuite" time="0.0">
    <ignored/>
  </testcase> <!-- @AfterSuite aftersuite -->
</testsuite> <!-- Testrun2 -->
